[WARN ] 20/Jan/2021 09:29:14.542 myLogger::please do not enter a blank field
 [WARN ] 20/Jan/2021 09:29:14.546 myLogger::please do not enter a blank field
 [WARN ] 20/Jan/2021 09:29:14.546 myLogger::please do not enter a blank field
 [WARN ] 20/Jan/2021 09:29:14.547 myLogger::please do not enter a blank field
 [WARN ] 20/Jan/2021 09:29:14.551 myLogger::please do not enter a blank field
 [WARN ] 20/Jan/2021 09:29:14.551 myLogger::please do not enter a blank field
 [WARN ] 20/Jan/2021 09:29:14.551 myLogger::please do not enter a blank field
 [WARN ] 20/Jan/2021 09:29:14.553 myLogger::please do not enter a blank field
 [WARN ] 20/Jan/2021 09:29:14.553 myLogger::please do not enter a blank field
 [WARN ] 20/Jan/2021 09:29:14.554 myLogger::please do not enter a blank field
 [ERROR] 21/Jan/2021 11:13:46.187 myLogger::NoEmptyFieldsException triggered
 [ERROR] 21/Jan/2021 11:13:46.192 myLogger::you cannot input empty fields
 [ERROR] 21/Jan/2021 12:16:30.384 myLogger::NoEmptyFieldsException triggered
 [ERROR] 21/Jan/2021 12:16:30.387 myLogger::you cannot input empty fields
 [ERROR] 21/Jan/2021 14:05:45.063 myLogger::NoEmptyFieldsException triggered
 [ERROR] 21/Jan/2021 14:05:45.066 myLogger::you cannot input empty fields
 [ERROR] 21/Jan/2021 14:05:49.051 myLogger::NoEmptyFieldsException triggered
 [ERROR] 21/Jan/2021 14:05:49.056 myLogger::you cannot input empty fields
 [ERROR] 21/Jan/2021 16:02:50.343 myLogger::NoEmptyFieldsException triggered
 [ERROR] 21/Jan/2021 16:02:50.347 myLogger::you cannot input empty fields
 [ERROR] 21/Jan/2021 16:04:39.582 myLogger::NoEmptyFieldsException triggered
 [ERROR] 21/Jan/2021 16:04:39.585 myLogger::you cannot input empty fields
 [ERROR] 21/Jan/2021 16:04:39.996 myLogger::NoDuplicatesAllowedException triggered
 [ERROR] 22/Jan/2021 15:45:37.493 myLogger::NoEmptyFieldsException triggered
 [ERROR] 22/Jan/2021 15:45:37.498 myLogger::you cannot input empty fields
 [ERROR] 22/Jan/2021 15:45:38.193 myLogger::NoDuplicatesAllowedException triggered
 [ERROR] 22/Jan/2021 15:45:38.193 myLogger::you cannot enter duplicate usernames, please try again
 [ERROR] 22/Jan/2021 15:45:53.117 myLogger::NoEmptyFieldsException triggered
 [ERROR] 22/Jan/2021 15:45:53.120 myLogger::you cannot input empty fields
 [ERROR] 22/Jan/2021 15:45:53.523 myLogger::NoDuplicatesAllowedException triggered
 [ERROR] 22/Jan/2021 15:45:53.524 myLogger::you cannot enter duplicate usernames, please try again
 [ERROR] 22/Jan/2021 15:46:41.992 myLogger::NoEmptyFieldsException triggered
 [ERROR] 22/Jan/2021 15:46:41.995 myLogger::you cannot input empty fields
 [ERROR] 22/Jan/2021 15:46:42.394 myLogger::NoDuplicatesAllowedException triggered
 [ERROR] 22/Jan/2021 15:46:42.395 myLogger::you cannot enter duplicate usernames, please try again
 [ERROR] 22/Jan/2021 15:48:47.845 myLogger::NoEmptyFieldsException triggered
 [ERROR] 22/Jan/2021 15:48:47.848 myLogger::you cannot input empty fields
 [ERROR] 22/Jan/2021 15:48:48.248 myLogger::NoDuplicatesAllowedException triggered
 [ERROR] 22/Jan/2021 15:48:48.248 myLogger::you cannot enter duplicate usernames, please try again
 [ERROR] 22/Jan/2021 15:49:40.144 myLogger::NoEmptyFieldsException triggered
 [ERROR] 22/Jan/2021 15:49:40.147 myLogger::you cannot input empty fields
 [ERROR] 22/Jan/2021 15:49:40.549 myLogger::NoDuplicatesAllowedException triggered
 [ERROR] 22/Jan/2021 15:49:40.550 myLogger::you cannot enter duplicate usernames, please try again
 