[ERROR] 21/Jan/2021 11:13:46.187myLogger:: NoEmptyFieldsException triggered
 [ERROR] 21/Jan/2021 11:13:46.192myLogger:: you cannot input empty fields
 [ERROR] 21/Jan/2021 12:16:30.384myLogger:: NoEmptyFieldsException triggered
 [ERROR] 21/Jan/2021 12:16:30.387myLogger:: you cannot input empty fields
 [ERROR] 21/Jan/2021 14:05:45.063myLogger:: NoEmptyFieldsException triggered
 [ERROR] 21/Jan/2021 14:05:45.066myLogger:: you cannot input empty fields
 [ERROR] 21/Jan/2021 14:05:49.051myLogger:: NoEmptyFieldsException triggered
 [ERROR] 21/Jan/2021 14:05:49.056myLogger:: you cannot input empty fields
 [ERROR] 21/Jan/2021 16:02:50.343myLogger:: NoEmptyFieldsException triggered
 [ERROR] 21/Jan/2021 16:02:50.347myLogger:: you cannot input empty fields
 [ERROR] 21/Jan/2021 16:04:39.582myLogger:: NoEmptyFieldsException triggered
 [ERROR] 21/Jan/2021 16:04:39.585myLogger:: you cannot input empty fields
 [ERROR] 21/Jan/2021 16:04:39.996myLogger:: NoDuplicatesAllowedException triggered
 [ERROR] 22/Jan/2021 15:45:37.493myLogger:: NoEmptyFieldsException triggered
 [ERROR] 22/Jan/2021 15:45:37.498myLogger:: you cannot input empty fields
 [ERROR] 22/Jan/2021 15:45:38.193myLogger:: NoDuplicatesAllowedException triggered
 [ERROR] 22/Jan/2021 15:45:38.193myLogger:: you cannot enter duplicate usernames, please try again
 [ERROR] 22/Jan/2021 15:45:53.117myLogger:: NoEmptyFieldsException triggered
 [ERROR] 22/Jan/2021 15:45:53.120myLogger:: you cannot input empty fields
 [ERROR] 22/Jan/2021 15:45:53.523myLogger:: NoDuplicatesAllowedException triggered
 [ERROR] 22/Jan/2021 15:45:53.524myLogger:: you cannot enter duplicate usernames, please try again
 [ERROR] 22/Jan/2021 15:46:41.992myLogger:: NoEmptyFieldsException triggered
 [ERROR] 22/Jan/2021 15:46:41.995myLogger:: you cannot input empty fields
 [ERROR] 22/Jan/2021 15:46:42.394myLogger:: NoDuplicatesAllowedException triggered
 [ERROR] 22/Jan/2021 15:46:42.395myLogger:: you cannot enter duplicate usernames, please try again
 [ERROR] 22/Jan/2021 15:48:47.845myLogger:: NoEmptyFieldsException triggered
 [ERROR] 22/Jan/2021 15:48:47.848myLogger:: you cannot input empty fields
 [ERROR] 22/Jan/2021 15:48:48.248myLogger:: NoDuplicatesAllowedException triggered
 [ERROR] 22/Jan/2021 15:48:48.248myLogger:: you cannot enter duplicate usernames, please try again
 [ERROR] 22/Jan/2021 15:49:40.144myLogger:: NoEmptyFieldsException triggered
 [ERROR] 22/Jan/2021 15:49:40.147myLogger:: you cannot input empty fields
 [ERROR] 22/Jan/2021 15:49:40.549myLogger:: NoDuplicatesAllowedException triggered
 [ERROR] 22/Jan/2021 15:49:40.550myLogger:: you cannot enter duplicate usernames, please try again
 